<?xml version="1.0" encoding="UTF-8"?>
<!-- Generated by org.testng.reporters.JUnitXMLReporter -->
<testsuite ignored="1" hostname="TYP1517" failures="1" tests="2" name="test1" time="49.394" errors="0" timestamp="2022-07-15T16:30:23 IST">
  <testcase classname="org.vtiger.campaigns.CreateCampaignsTest" name="createCampaignTest" time="20.208">
    <failure type="java.lang.AssertionError" message="The following asserts failed:
	expected [true] but found [false]">
      <![CDATA[java.lang.AssertionError: The following asserts failed:
expected [true] but found [false]
at org.vtiger.campaigns.CreateCampaignsTest.createCampaignTest(CreateCampaignsTest.java:24)
at java.base/java.util.concurrent.ThreadPoolExecutor.runWorker(ThreadPoolExecutor.java:1130)
at java.base/java.util.concurrent.ThreadPoolExecutor$Worker.run(ThreadPoolExecutor.java:630)
at java.base/java.lang.Thread.run(Thread.java:831)
... Removed 14 stack frames]]>
    </failure>
  </testcase> <!-- createCampaignTest -->
  <testcase classname="org.vtiger.campaigns.CreateCampaignWithProductTest" name="createCampaignWithProductTest" time="33.323"/>
  <testcase classname="org.tyss.genericUtility.BaseClass" name="@BeforeSuite suiteSetup" time="0.0">
    <ignored/>
  </testcase> <!-- @BeforeSuite suiteSetup -->
</testsuite> <!-- test1 -->
