<?xml version="1.0" encoding="UTF-8"?>
<!-- Generated by org.testng.reporters.JUnitXMLReporter -->
<testsuite ignored="0" hostname="MOHANGOWDA" failures="1" tests="4" name="Test" time="70.368" errors="0" timestamp="2022-08-01T17:23:45 IST">
  <testcase classname="org.vtiger.campaigns.CreateCampaignsTest" name="createCampaignTest" time="7.384">
    <skipped/>
  </testcase> <!-- createCampaignTest -->
  <testcase classname="org.vtiger.campaigns.CreateCampaignsTest" name="createCampaignTest" time="7.106">
    <skipped/>
  </testcase> <!-- createCampaignTest -->
  <testcase classname="org.vtiger.campaigns.CreateCampaignsTest" name="createCampaignTest" time="7.695">
    <skipped/>
  </testcase> <!-- createCampaignTest -->
  <testcase classname="org.vtiger.campaigns.CreateCampaignsTest" name="createCampaignTest" time="7.177">
    <failure type="java.lang.AssertionError" message="null">
      <![CDATA[java.lang.AssertionError: null
at org.vtiger.objectRepository.CommonPage.clickCampaign(CommonPage.java:38)
at org.vtiger.campaigns.CreateCampaignsTest.createCampaignTest(CreateCampaignsTest.java:21)
at java.base/java.util.ArrayList.forEach(ArrayList.java:1511)
... Removed 29 stack frames]]>
    </failure>
  </testcase> <!-- createCampaignTest -->
</testsuite> <!-- Test -->
